android/app/build/intermediates/manifest_merge_blame_file/debug/processDebugMainManifest/manifest-merger-blame-debug-report.txt
1<?xml version="1.0" encoding="utf-8"?>
2<manifest xmlns:android="http://schemas.android.com/apk/res/android"
3    package="com.example.snapsign"
4    android:versionCode="1"
5    android:versionName="1.0.0" >
6
7    <uses-sdk
8        android:minSdkVersion="24"
9        android:targetSdkVersion="35" />
10    <!--
11         The INTERNET permission is required for development. Specifically,
12         the Flutter tool needs it to communicate with the running application
13         to allow setting breakpoints, to provide hot reload, etc.
14    -->
15    <uses-permission android:name="android.permission.INTERNET" />
15-->src\main\AndroidManifest.xml:8:5-67
15-->src\main\AndroidManifest.xml:8:22-64
16    <!-- สิทธิ์เดิมที่มีอยู่ -->
17    <uses-permission android:name="android.permission.CAMERA" />
17-->src\main\AndroidManifest.xml:3:5-65
17-->src\main\AndroidManifest.xml:3:22-62
18
19    <uses-feature android:name="android.hardware.camera.any" /> <!-- เพิ่มสิทธิ์สำหรับไมโครโฟนและ Speech Recognition -->
19-->src\main\AndroidManifest.xml:4:5-64
19-->src\main\AndroidManifest.xml:4:19-61
20    <uses-permission android:name="android.permission.RECORD_AUDIO" />
20-->src\main\AndroidManifest.xml:7:5-71
20-->src\main\AndroidManifest.xml:7:22-68
21    <uses-permission android:name="android.permission.MICROPHONE" />
21-->src\main\AndroidManifest.xml:9:5-69
21-->src\main\AndroidManifest.xml:9:22-66
22    <!--
23 Required to query activities that can process text, see:
24         https://developer.android.com/training/package-visibility and
25         https://developer.android.com/reference/android/content/Intent#ACTION_PROCESS_TEXT.
26
27         In particular, this is used by the Flutter engine in io.flutter.plugin.text.ProcessTextPlugin.
28    -->
29    <queries>
29-->src\main\AndroidManifest.xml:48:5-53:15
30        <intent>
30-->src\main\AndroidManifest.xml:49:9-52:18
31            <action android:name="android.intent.action.PROCESS_TEXT" />
31-->src\main\AndroidManifest.xml:50:13-72
31-->src\main\AndroidManifest.xml:50:21-70
32
33            <data android:mimeType="text/plain" />
33-->src\main\AndroidManifest.xml:51:13-50
33-->src\main\AndroidManifest.xml:51:19-48
34        </intent>
35    </queries>
36
37    <permission
37-->[androidx.core:core:1.13.1] AndroidManifest.xml:22:5-24:47
38        android:name="com.example.snapsign.DYNAMIC_RECEIVER_NOT_EXPORTED_PERMISSION"
38-->[androidx.core:core:1.13.1] AndroidManifest.xml:23:9-81
39        android:protectionLevel="signature" />
39-->[androidx.core:core:1.13.1] AndroidManifest.xml:24:9-44
40
41    <uses-permission android:name="com.example.snapsign.DYNAMIC_RECEIVER_NOT_EXPORTED_PERMISSION" /> <!-- Although the *SdkVersion is captured in gradle build files, this is required for non gradle builds -->
41-->[androidx.core:core:1.13.1] AndroidManifest.xml:26:5-97
41-->[androidx.core:core:1.13.1] AndroidManifest.xml:26:22-94
42    <!-- <uses-sdk android:minSdkVersion="14"/> -->
43    <uses-permission android:name="android.permission.ACCESS_NETWORK_STATE" />
43-->[com.google.android.datatransport:transport-backend-cct:3.1.0] AndroidManifest.xml:25:5-79
43-->[com.google.android.datatransport:transport-backend-cct:3.1.0] AndroidManifest.xml:25:22-76
44
45    <application
46        android:name="android.app.Application"
47        android:appComponentFactory="androidx.core.app.CoreComponentFactory"
47-->[androidx.core:core:1.13.1] AndroidManifest.xml:28:18-86
48        android:debuggable="true"
49        android:extractNativeLibs="false"
50        android:icon="@mipmap/ic_launcher"
51        android:label="snapsign" >
52        <activity
53            android:name="com.example.snapsign.MainActivity"
54            android:configChanges="orientation|keyboardHidden|keyboard|screenSize|smallestScreenSize|locale|layoutDirection|fontScale|screenLayout|density|uiMode"
55            android:exported="true"
56            android:hardwareAccelerated="true"
57            android:launchMode="singleTop"
58            android:taskAffinity=""
59            android:theme="@style/LaunchTheme"
60            android:windowSoftInputMode="adjustResize" >
61
62            <!--
63                 Specifies an Android theme to apply to this Activity as soon as
64                 the Android process has started. This theme is visible to the user
65                 while the Flutter UI initializes. After that, this theme continues
66                 to determine the Window background behind the Flutter UI.
67            -->
68            <meta-data
69                android:name="io.flutter.embedding.android.NormalTheme"
70                android:resource="@style/NormalTheme" />
71
72            <intent-filter>
73                <action android:name="android.intent.action.MAIN" />
74
75                <category android:name="android.intent.category.LAUNCHER" />
76            </intent-filter>
77        </activity>
78        <!--
79             Don't delete the meta-data below.
80             This is used by the Flutter tool to generate GeneratedPluginRegistrant.java
81        -->
82        <meta-data
83            android:name="flutterEmbedding"
84            android:value="2" />
85
86        <provider
86-->[:image_picker_android] AndroidManifest.xml:9:9-17:20
87            android:name="io.flutter.plugins.imagepicker.ImagePickerFileProvider"
87-->[:image_picker_android] AndroidManifest.xml:10:13-82
88            android:authorities="com.example.snapsign.flutter.image_provider"
88-->[:image_picker_android] AndroidManifest.xml:11:13-74
89            android:exported="false"
89-->[:image_picker_android] AndroidManifest.xml:12:13-37
90            android:grantUriPermissions="true" >
90-->[:image_picker_android] AndroidManifest.xml:13:13-47
91            <meta-data
91-->[:image_picker_android] AndroidManifest.xml:14:13-16:75
92                android:name="android.support.FILE_PROVIDER_PATHS"
92-->[:image_picker_android] AndroidManifest.xml:15:17-67
93                android:resource="@xml/flutter_image_picker_file_paths" />
93-->[:image_picker_android] AndroidManifest.xml:16:17-72
94        </provider> <!-- Trigger Google Play services to install the backported photo picker module. -->
95        <service
95-->[:image_picker_android] AndroidManifest.xml:19:9-31:19
96            android:name="com.google.android.gms.metadata.ModuleDependencies"
96-->[:image_picker_android] AndroidManifest.xml:20:13-78
97            android:enabled="false"
97-->[:image_picker_android] AndroidManifest.xml:21:13-36
98            android:exported="false" >
98-->[:image_picker_android] AndroidManifest.xml:22:13-37
99            <intent-filter>
99-->[:image_picker_android] AndroidManifest.xml:24:13-26:29
100                <action android:name="com.google.android.gms.metadata.MODULE_DEPENDENCIES" />
100-->[:image_picker_android] AndroidManifest.xml:25:17-94
100-->[:image_picker_android] AndroidManifest.xml:25:25-91
101            </intent-filter>
102
103            <meta-data
103-->[:image_picker_android] AndroidManifest.xml:28:13-30:36
104                android:name="photopicker_activity:0:required"
104-->[:image_picker_android] AndroidManifest.xml:29:17-63
105                android:value="" />
105-->[:image_picker_android] AndroidManifest.xml:30:17-33
106        </service>
107
108        <uses-library
108-->[androidx.window:window:1.2.0] AndroidManifest.xml:23:9-25:40
109            android:name="androidx.window.extensions"
109-->[androidx.window:window:1.2.0] AndroidManifest.xml:24:13-54
110            android:required="false" />
110-->[androidx.window:window:1.2.0] AndroidManifest.xml:25:13-37
111        <uses-library
111-->[androidx.window:window:1.2.0] AndroidManifest.xml:26:9-28:40
112            android:name="androidx.window.sidecar"
112-->[androidx.window:window:1.2.0] AndroidManifest.xml:27:13-51
113            android:required="false" />
113-->[androidx.window:window:1.2.0] AndroidManifest.xml:28:13-37
114
115        <provider
115-->[androidx.lifecycle:lifecycle-process:2.7.0] AndroidManifest.xml:24:9-32:20
116            android:name="androidx.startup.InitializationProvider"
116-->[androidx.lifecycle:lifecycle-process:2.7.0] AndroidManifest.xml:25:13-67
117            android:authorities="com.example.snapsign.androidx-startup"
117-->[androidx.lifecycle:lifecycle-process:2.7.0] AndroidManifest.xml:26:13-68
118            android:exported="false" >
118-->[androidx.lifecycle:lifecycle-process:2.7.0] AndroidManifest.xml:27:13-37
119            <meta-data
119-->[androidx.lifecycle:lifecycle-process:2.7.0] AndroidManifest.xml:29:13-31:52
120                android:name="androidx.lifecycle.ProcessLifecycleInitializer"
120-->[androidx.lifecycle:lifecycle-process:2.7.0] AndroidManifest.xml:30:17-78
121                android:value="androidx.startup" />
121-->[androidx.lifecycle:lifecycle-process:2.7.0] AndroidManifest.xml:31:17-49
122            <meta-data
122-->[androidx.profileinstaller:profileinstaller:1.3.1] AndroidManifest.xml:29:13-31:52
123                android:name="androidx.profileinstaller.ProfileInstallerInitializer"
123-->[androidx.profileinstaller:profileinstaller:1.3.1] AndroidManifest.xml:30:17-85
124                android:value="androidx.startup" />
124-->[androidx.profileinstaller:profileinstaller:1.3.1] AndroidManifest.xml:31:17-49
125        </provider>
126
127        <receiver
127-->[androidx.profileinstaller:profileinstaller:1.3.1] AndroidManifest.xml:34:9-52:20
128            android:name="androidx.profileinstaller.ProfileInstallReceiver"
128-->[androidx.profileinstaller:profileinstaller:1.3.1] AndroidManifest.xml:35:13-76
129            android:directBootAware="false"
129-->[androidx.profileinstaller:profileinstaller:1.3.1] AndroidManifest.xml:36:13-44
130            android:enabled="true"
130-->[androidx.profileinstaller:profileinstaller:1.3.1] AndroidManifest.xml:37:13-35
131            android:exported="true"
131-->[androidx.profileinstaller:profileinstaller:1.3.1] AndroidManifest.xml:38:13-36
132            android:permission="android.permission.DUMP" >
132-->[androidx.profileinstaller:profileinstaller:1.3.1] AndroidManifest.xml:39:13-57
133            <intent-filter>
133-->[androidx.profileinstaller:profileinstaller:1.3.1] AndroidManifest.xml:40:13-42:29
134                <action android:name="androidx.profileinstaller.action.INSTALL_PROFILE" />
134-->[androidx.profileinstaller:profileinstaller:1.3.1] AndroidManifest.xml:41:17-91
134-->[androidx.profileinstaller:profileinstaller:1.3.1] AndroidManifest.xml:41:25-88
135            </intent-filter>
136            <intent-filter>
136-->[androidx.profileinstaller:profileinstaller:1.3.1] AndroidManifest.xml:43:13-45:29
137                <action android:name="androidx.profileinstaller.action.SKIP_FILE" />
137-->[androidx.profileinstaller:profileinstaller:1.3.1] AndroidManifest.xml:44:17-85
137-->[androidx.profileinstaller:profileinstaller:1.3.1] AndroidManifest.xml:44:25-82
138            </intent-filter>
139            <intent-filter>
139-->[androidx.profileinstaller:profileinstaller:1.3.1] AndroidManifest.xml:46:13-48:29
140                <action android:name="androidx.profileinstaller.action.SAVE_PROFILE" />
140-->[androidx.profileinstaller:profileinstaller:1.3.1] AndroidManifest.xml:47:17-88
140-->[androidx.profileinstaller:profileinstaller:1.3.1] AndroidManifest.xml:47:25-85
141            </intent-filter>
142            <intent-filter>
142-->[androidx.profileinstaller:profileinstaller:1.3.1] AndroidManifest.xml:49:13-51:29
143                <action android:name="androidx.profileinstaller.action.BENCHMARK_OPERATION" />
143-->[androidx.profileinstaller:profileinstaller:1.3.1] AndroidManifest.xml:50:17-95
143-->[androidx.profileinstaller:profileinstaller:1.3.1] AndroidManifest.xml:50:25-92
144            </intent-filter>
145        </receiver>
146
147        <service
147-->[com.google.android.datatransport:transport-backend-cct:3.1.0] AndroidManifest.xml:29:9-35:19
148            android:name="com.google.android.datatransport.runtime.backends.TransportBackendDiscovery"
148-->[com.google.android.datatransport:transport-backend-cct:3.1.0] AndroidManifest.xml:30:13-103
149            android:exported="false" >
149-->[com.google.android.datatransport:transport-backend-cct:3.1.0] AndroidManifest.xml:31:13-37
150            <meta-data
150-->[com.google.android.datatransport:transport-backend-cct:3.1.0] AndroidManifest.xml:32:13-34:39
151                android:name="backend:com.google.android.datatransport.cct.CctBackendFactory"
151-->[com.google.android.datatransport:transport-backend-cct:3.1.0] AndroidManifest.xml:33:17-94
152                android:value="cct" />
152-->[com.google.android.datatransport:transport-backend-cct:3.1.0] AndroidManifest.xml:34:17-36
153        </service>
154        <service
154-->[com.google.android.datatransport:transport-runtime:3.1.0] AndroidManifest.xml:26:9-30:19
155            android:name="com.google.android.datatransport.runtime.scheduling.jobscheduling.JobInfoSchedulerService"
155-->[com.google.android.datatransport:transport-runtime:3.1.0] AndroidManifest.xml:27:13-117
156            android:exported="false"
156-->[com.google.android.datatransport:transport-runtime:3.1.0] AndroidManifest.xml:28:13-37
157            android:permission="android.permission.BIND_JOB_SERVICE" >
157-->[com.google.android.datatransport:transport-runtime:3.1.0] AndroidManifest.xml:29:13-69
158        </service>
159
160        <receiver
160-->[com.google.android.datatransport:transport-runtime:3.1.0] AndroidManifest.xml:32:9-34:40
161            android:name="com.google.android.datatransport.runtime.scheduling.jobscheduling.AlarmManagerSchedulerBroadcastReceiver"
161-->[com.google.android.datatransport:transport-runtime:3.1.0] AndroidManifest.xml:33:13-132
162            android:exported="false" />
162-->[com.google.android.datatransport:transport-runtime:3.1.0] AndroidManifest.xml:34:13-37
163    </application>
164
165</manifest>